\BOOKMARK [1][-]{section.1}{\376\377\000P\000r\000o\000p\000o\000s\000i\000t\000i\000o\000n\000a\000l\000\137\000l\000o\000g\000i\000c}{}% 1
\BOOKMARK [2][-]{subsection.1.1}{\376\377\000S\000i\000m\000p\000l\000e\000\040\000O\000p\000e\000r\000a\000t\000i\000o\000n\000s}{section.1}% 2
\BOOKMARK [1][-]{section.2}{\376\377\000D\000i\000s\000j\000u\000n\000c\000t\000i\000v\000e\000\040\000N\000o\000r\000m\000a\000l\000\040\000F\000o\000r\000m}{}% 3
\BOOKMARK [2][-]{subsection.2.1}{\376\377\000D\000N\000F\000\040\000o\000f\000\040\000m\000i\000n\000i\000\040\000t\000e\000r\000m\000s\000\040\000f\000o\000r\000\040\000t\000r\000u\000t\000h\000\040\000t\000a\000b\000l\000e\000s}{section.2}% 4
\BOOKMARK [1][-]{section.3}{\376\377\000C\000o\000n\000j\000u\000n\000c\000t\000i\000v\000e\000\040\000N\000o\000r\000m\000a\000l\000\040\000F\000o\000r\000m}{}% 5
\BOOKMARK [1][-]{section.4}{\376\377\000L\000o\000g\000i\000c\000a\000l\000\040\000E\000q\000u\000i\000v\000a\000l\000e\000n\000c\000e\000s}{}% 6
\BOOKMARK [1][-]{section.5}{\376\377\000F\000o\000r\000m\000a\000l\000\040\000d\000e\000f\000i\000n\000i\000t\000i\000o\000n\000\040}{}% 7
\BOOKMARK [2][-]{subsection.5.1}{\376\377\000S\000u\000m\000m\000a\000r\000y\000\040\000w\000i\000t\000h\000o\000u\000t\000\040\000t\000h\000e\000\040\000c\000r\000a\000p\000\040}{section.5}% 8
\BOOKMARK [2][-]{subsection.5.2}{\376\377\000E\000q\000u\000i\000v\000a\000l\000e\000n\000c\000e\000s\000\040\000a\000n\000d\000\040\000n\000o\000r\000m\000a\000l\000\040\000f\000o\000r\000m\000\040}{section.5}% 9
\BOOKMARK [1][-]{section.6}{\376\377\000R\000e\000s\000o\000l\000u\000t\000i\000o\000n\000\040\000a\000l\000g\000o\000r\000i\000t\000h\000m}{}% 10
\BOOKMARK [2][-]{subsection.6.1}{\376\377\000R\000e\000s\000o\000l\000u\000t\000i\000o\000n\000\040\000p\000r\000o\000p\000e\000r\000t\000i\000e\000s}{section.6}% 11
\BOOKMARK [2][-]{subsection.6.2}{\376\377\000H\000o\000r\000n\000\040\000F\000o\000r\000m\000\040\000K\000B}{section.6}% 12
\BOOKMARK [1][-]{section.7}{\376\377\000C\000h\000a\000i\000n\000i\000n\000g}{}% 13
\BOOKMARK [1][-]{section.8}{\376\377\000T\000o\000t\000a\000l\000\040\000S\000u\000m\000m\000a\000r\000y\000\040\000o\000f\000\040\000p\000r\000o\000p\000o\000s\000i\000t\000i\000o\000n\000a\000l\000\040\000l\000o\000g\000i\000c}{}% 14
\BOOKMARK [2][-]{subsection.8.1}{\376\377\000F\000o\000r\000m\000a\000l\000\040\000D\000e\000f\000i\000n\000i\000t\000i\000o\000n\000s}{section.8}% 15
\BOOKMARK [2][-]{subsection.8.2}{\376\377\000S\000y\000n\000t\000a\000x}{section.8}% 16
\BOOKMARK [2][-]{subsection.8.3}{\376\377\000E\000q\000u\000i\000v\000a\000l\000e\000n\000c\000e\000\040\000N\000o\000r\000m\000s}{section.8}% 17
\BOOKMARK [2][-]{subsection.8.4}{\376\377\000V\000a\000l\000i\000d\000i\000t\000y\000\040\000a\000n\000d\000\040\000S\000a\000t\000i\000s\000f\000i\000a\000b\000i\000l\000i\000t\000y\000\040\000w\000r\000t\000\040\000t\000o\000\040\000K\000B}{section.8}% 18
\BOOKMARK [3][-]{subsubsection.8.4.1}{\376\377\000C\000N\000T\000D\000\040\000V\000a\000l\000i\000d\000\040\000a\000n\000d\000\040\000S\000a\000t\000i\000s\000f\000i\000a\000b\000l\000e}{subsection.8.4}% 19
\BOOKMARK [2][-]{subsection.8.5}{\376\377\000M\000o\000d\000u\000s\000\040\000P\000o\000n\000e\000n\000s}{section.8}% 20
\BOOKMARK [2][-]{subsection.8.6}{\376\377\000C\000h\000a\000i\000n\000i\000n\000g}{section.8}% 21
\BOOKMARK [3][-]{subsubsection.8.6.1}{\376\377\000F\000o\000r\000w\000a\000r\000d\000\040\000C\000h\000a\000i\000n\000i\000n\000g}{subsection.8.6}% 22
\BOOKMARK [3][-]{subsubsection.8.6.2}{\376\377\000B\000a\000c\000k\000w\000a\000r\000d\000\040\000C\000h\000a\000i\000n\000i\000n\000g}{subsection.8.6}% 23
\BOOKMARK [2][-]{subsection.8.7}{\376\377\000S\000u\000m\000m\000a\000r\000y}{section.8}% 24
\BOOKMARK [1][-]{section.9}{\376\377\000F\000i\000r\000s\000t\000\040\000O\000r\000d\000e\000r\000\040\000L\000o\000g\000i\000c}{}% 25
\BOOKMARK [2][-]{subsection.9.1}{\376\377\000E\000x\000a\000m\000p\000l\000e\000s}{section.9}% 26
\BOOKMARK [3][-]{subsubsection.9.1.1}{\376\377\000Q\000u\000a\000n\000t\000i\000f\000i\000e\000r\000s\000\040\000o\000r\000d\000e\000r}{subsection.9.1}% 27
\BOOKMARK [3][-]{subsubsection.9.1.2}{\376\377\000Q\000u\000a\000n\000t\000i\000f\000i\000e\000r\000\040\000d\000u\000a\000l\000i\000t\000y}{subsection.9.1}% 28
\BOOKMARK [2][-]{subsection.9.2}{\376\377\000M\000o\000r\000e\000\040\000E\000x\000a\000m\000p\000l\000e\000s\000\040\000t\000o\000\040\000w\000o\000r\000k\000\040\000o\000n\000\040}{section.9}% 29
\BOOKMARK [3][-]{subsubsection.9.2.1}{\376\377\000W\000u\000m\000p\000u\000s\000\040\000w\000o\000r\000l\000d\000\040\000e\000x\000a\000m\000p\000l\000e\000\040}{subsection.9.2}% 30
\BOOKMARK [1][-]{section.10}{\376\377\000U\000s\000e\000f\000u\000l\000l\000\040\000n\000o\000t\000e\000s\000\040\000f\000r\000o\000m\000\040\000t\000h\000e\000\040\000q\000u\000i\000z}{}% 31
\BOOKMARK [2][-]{subsection.10.1}{\376\377\000E\000x\000a\000m\000p\000l\000e\000s}{section.10}% 32
\BOOKMARK [2][-]{subsection.10.2}{\376\377\000F\000i\000r\000s\000t\000\040\000o\000r\000d\000e\000r\000\040\000l\000o\000g\000i\000c\000\040\000p\000r\000o\000o\000f\000s}{section.10}% 33
\BOOKMARK [3][-]{subsubsection.10.2.1}{\376\377\000I\000n\000f\000e\000r\000e\000n\000c\000e\000s\000\040\000i\000n\000\040\000F\000i\000r\000s\000t\000\040\000O\000r\000d\000e\000r\000\040\000L\000o\000g\000i\000c\000\040\000\050\000p\000r\000o\000o\000f\000s\000\051}{subsection.10.2}% 34
\BOOKMARK [3][-]{subsubsection.10.2.2}{\376\377\000U\000n\000i\000f\000i\000c\000a\000t\000i\000o\000n}{subsection.10.2}% 35
\BOOKMARK [3][-]{subsubsection.10.2.3}{\376\377\000U\000n\000i\000f\000i\000c\000a\000t\000i\000o\000n\000\040\000A\000l\000g\000o}{subsection.10.2}% 36
\BOOKMARK [3][-]{subsubsection.10.2.4}{\376\377\000F\000o\000r\000w\000a\000r\000d\000\040\000C\000h\000a\000i\000n\000i\000n\000g\000\040\000P\000r\000o\000o\000f\000\040}{subsection.10.2}% 37
\BOOKMARK [2][-]{subsection.10.3}{\376\377\000F\000i\000r\000s\000t\000\040\000O\000r\000d\000e\000r\000\040\000L\000o\000g\000i\000c\000\040\000E\000n\000d\000\040\000S\000u\000m\000m\000e\000r\000y}{section.10}% 38
\BOOKMARK [1][-]{section.11}{\376\377\000T\000e\000m\000p\000o\000r\000a\000l\000\040\000R\000e\000a\000s\000o\000n\000i\000n\000g}{}% 39
\BOOKMARK [2][-]{subsection.11.1}{\376\377\000C\000l\000a\000s\000s\000i\000f\000i\000c\000a\000t\000i\000o\000n\000\040\000o\000f\000\040\000A\000i\000\040\000t\000e\000m\000p\000o\000r\000a\000l\000\040\000r\000e\000a\000s\000o\000n\000i\000n\000g\000\040\000p\000r\000o\000b\000l\000e\000m\000s}{section.11}% 40
\BOOKMARK [2][-]{subsection.11.2}{\376\377\000T\000e\000r\000m\000i\000n\000o\000l\000o\000g\000y}{section.11}% 41
\BOOKMARK [2][-]{subsection.11.3}{\376\377\000F\000r\000a\000m\000e\000\040\000p\000r\000o\000b\000l\000e\000m}{section.11}% 42
\BOOKMARK [2][-]{subsection.11.4}{\376\377\000S\000i\000t\000u\000a\000t\000i\000o\000n\000a\000l\000\040\000C\000a\000l\000c\000u\000l\000u\000s}{section.11}% 43
\BOOKMARK [3][-]{subsubsection.11.4.1}{\376\377\000S\000i\000t\000u\000a\000t\000i\000o\000n\000a\000l\000\040\000C\000a\000l\000c\000\040\000s\000t\000a\000t\000e\000\040\000R\000e\000p\000r\000e\000s\000e\000n\000t\000a\000t\000i\000o\000n}{subsection.11.4}% 44
\BOOKMARK [3][-]{subsubsection.11.4.2}{\376\377\000L\000a\000n\000g\000u\000a\000g\000e}{subsection.11.4}% 45
\BOOKMARK [3][-]{subsubsection.11.4.3}{\376\377\000A\000x\000i\000o\000m\000s}{subsection.11.4}% 46
\BOOKMARK [1][-]{section.12}{\376\377\000I\000n\000d\000u\000c\000t\000i\000v\000e\000\040\000L\000e\000a\000r\000n\000i\000n\000g}{}% 47
\BOOKMARK [2][-]{subsection.12.1}{\376\377\000W\000h\000y\000\040\000i\000s\000\040\000l\000e\000a\000r\000n\000i\000n\000g\000\040\000K\000e\000y\000\040\000t\000o\000\040\000t\000h\000i\000s\000\040\000?\000\040}{section.12}% 48
\BOOKMARK [2][-]{subsection.12.2}{\376\377\000F\000o\000r\000m\000s\000\040\000o\000f\000\040\000L\000e\000a\000r\000n\000i\000n\000g}{section.12}% 49
\BOOKMARK [3][-]{subsubsection.12.2.1}{\376\377\000U\000n\000s\000u\000p\000e\000r\000v\000i\000s\000e\000d\000\040\000L\000e\000a\000r\000n\000i\000n\000g}{subsection.12.2}% 50
\BOOKMARK [3][-]{subsubsection.12.2.2}{\376\377\000R\000e\000i\000n\000f\000o\000r\000c\000e\000m\000e\000n\000t\000\040\000L\000e\000a\000r\000n\000i\000n\000g}{subsection.12.2}% 51
\BOOKMARK [3][-]{subsubsection.12.2.3}{\376\377\000S\000u\000p\000e\000r\000v\000i\000s\000e\000d\000\040\000L\000e\000a\000r\000n\000i\000n\000g}{subsection.12.2}% 52
\BOOKMARK [2][-]{subsection.12.3}{\376\377\000D\000e\000c\000i\000s\000i\000o\000n\000\040\000T\000r\000e\000e\000s}{section.12}% 53
\BOOKMARK [3][-]{subsubsection.12.3.1}{\376\377\000H\000y\000p\000o\000t\000h\000e\000s\000i\000s\000\040\000S\000p\000a\000c\000e}{subsection.12.3}% 54
